1664274035608	geckodriver	INFO	Listening on 127.0.0.1:59839
1664274036115	mozrunner::runner	INFO	Running command: "/usr/bin/firefox" "--marionette" "--headless" "--remote-debugging-port" "39195" "--remote-allow-hosts" "localhost" "-no-remote" "-profile" "/tmp/rust_mozprofileKvT7tn"
*** You are running in headless mode.
1664274036585	Marionette	INFO	Marionette enabled
1664274036591	Marionette	INFO	Listening on port 39007
WebDriver BiDi listening on ws://localhost:39195
Read port: 39007
1664274036701	RemoteAgent	WARN	TLS certificate errors will be ignored for this session
[GFX1-]: RenderCompositorSWGL failed mapping default framebuffer, no dt
console.warn: SearchSettings: "get: No settings file exists, new profile?" (new NotFoundError("Could not open the file at /tmp/rust_mozprofileKvT7tn/search.json.mozlz4", (void 0)))
Missing chrome or resource URL: resource://gre/modules/UpdateListener.sys.mjs
DevTools listening on ws://localhost:39195/devtools/browser/bd5c7359-0d1a-4891-a49e-4792b7dfd4be
Exiting due to channel error.
Exiting due to channel error.
Exiting due to channel error.
1664274248317	geckodriver	INFO	Listening on 127.0.0.1:36887
1664274248832	mozrunner::runner	INFO	Running command: "/usr/bin/firefox" "--marionette" "--headless" "--remote-debugging-port" "45335" "--remote-allow-hosts" "localhost" "-no-remote" "-profile" "/tmp/rust_mozprofileHznvHM"
*** You are running in headless mode.
1664274249243	Marionette	INFO	Marionette enabled
1664274249248	Marionette	INFO	Listening on port 44031
WebDriver BiDi listening on ws://localhost:45335
Read port: 44031
1664274249470	RemoteAgent	WARN	TLS certificate errors will be ignored for this session
[GFX1-]: RenderCompositorSWGL failed mapping default framebuffer, no dt
console.warn: SearchSettings: "get: No settings file exists, new profile?" (new NotFoundError("Could not open the file at /tmp/rust_mozprofileHznvHM/search.json.mozlz4", (void 0)))
Missing chrome or resource URL: resource://gre/modules/UpdateListener.sys.mjs
DevTools listening on ws://localhost:45335/devtools/browser/c2fd5000-ec91-4898-878c-2200d94dac1f
Exiting due to channel error.
Exiting due to channel error.
Exiting due to channel error.
1664274504665	geckodriver	INFO	Listening on 127.0.0.1:37685
1664274505178	mozrunner::runner	INFO	Running command: "/usr/bin/firefox" "--marionette" "--headless" "--remote-debugging-port" "59101" "--remote-allow-hosts" "localhost" "-no-remote" "-profile" "/tmp/rust_mozprofilevNgz34"
*** You are running in headless mode.
1664274505616	Marionette	INFO	Marionette enabled
1664274505621	Marionette	INFO	Listening on port 36313
WebDriver BiDi listening on ws://localhost:59101
Read port: 36313
1664274505731	RemoteAgent	WARN	TLS certificate errors will be ignored for this session
[GFX1-]: RenderCompositorSWGL failed mapping default framebuffer, no dt
console.warn: SearchSettings: "get: No settings file exists, new profile?" (new NotFoundError("Could not open the file at /tmp/rust_mozprofilevNgz34/search.json.mozlz4", (void 0)))
Missing chrome or resource URL: resource://gre/modules/UpdateListener.sys.mjs
DevTools listening on ws://localhost:59101/devtools/browser/3b2b13e0-9607-4fab-8209-1ab20fd37720
Exiting due to channel error.
Exiting due to channel error.
Exiting due to channel error.
1664274580033	geckodriver	INFO	Listening on 127.0.0.1:55253
1664274580546	mozrunner::runner	INFO	Running command: "/usr/bin/firefox" "--marionette" "--headless" "--remote-debugging-port" "33235" "--remote-allow-hosts" "localhost" "-no-remote" "-profile" "/tmp/rust_mozprofileZLAgeE"
*** You are running in headless mode.
1664274581172	Marionette	INFO	Marionette enabled
1664274581179	Marionette	INFO	Listening on port 39667
WebDriver BiDi listening on ws://localhost:33235
Read port: 39667
1664274581308	RemoteAgent	WARN	TLS certificate errors will be ignored for this session
[GFX1-]: RenderCompositorSWGL failed mapping default framebuffer, no dt
console.warn: SearchSettings: "get: No settings file exists, new profile?" (new NotFoundError("Could not open the file at /tmp/rust_mozprofileZLAgeE/search.json.mozlz4", (void 0)))
Missing chrome or resource URL: resource://gre/modules/UpdateListener.sys.mjs
DevTools listening on ws://localhost:33235/devtools/browser/a70f412c-351e-49d1-be88-ccc82d441c0d
Exiting due to channel error.
Exiting due to channel error.
Exiting due to channel error.
1664274632540	geckodriver	INFO	Listening on 127.0.0.1:34151
1664274633055	mozrunner::runner	INFO	Running command: "/usr/bin/firefox" "--marionette" "--headless" "--remote-debugging-port" "44431" "--remote-allow-hosts" "localhost" "-no-remote" "-profile" "/tmp/rust_mozprofileUKYfkN"
*** You are running in headless mode.
1664274633458	Marionette	INFO	Marionette enabled
1664274633464	Marionette	INFO	Listening on port 32999
WebDriver BiDi listening on ws://localhost:44431
Read port: 32999
1664274633721	RemoteAgent	WARN	TLS certificate errors will be ignored for this session
[GFX1-]: RenderCompositorSWGL failed mapping default framebuffer, no dt
console.warn: SearchSettings: "get: No settings file exists, new profile?" (new NotFoundError("Could not open the file at /tmp/rust_mozprofileUKYfkN/search.json.mozlz4", (void 0)))
Missing chrome or resource URL: resource://gre/modules/UpdateListener.sys.mjs
DevTools listening on ws://localhost:44431/devtools/browser/822178d9-05b8-438f-af5d-3f72a446e32e
Exiting due to channel error.
Exiting due to channel error.
Exiting due to channel error.
1664274809534	geckodriver	INFO	Listening on 127.0.0.1:57995
1664274810050	mozrunner::runner	INFO	Running command: "/usr/bin/firefox" "--marionette" "--headless" "--remote-debugging-port" "60735" "--remote-allow-hosts" "localhost" "-no-remote" "-profile" "/tmp/rust_mozprofilePelBic"
*** You are running in headless mode.
1664274810598	Marionette	INFO	Marionette enabled
1664274810604	Marionette	INFO	Listening on port 36691
WebDriver BiDi listening on ws://localhost:60735
Read port: 36691
1664274810716	RemoteAgent	WARN	TLS certificate errors will be ignored for this session
[GFX1-]: RenderCompositorSWGL failed mapping default framebuffer, no dt
console.warn: SearchSettings: "get: No settings file exists, new profile?" (new NotFoundError("Could not open the file at /tmp/rust_mozprofilePelBic/search.json.mozlz4", (void 0)))
Missing chrome or resource URL: resource://gre/modules/UpdateListener.sys.mjs
DevTools listening on ws://localhost:60735/devtools/browser/2964ab84-1847-48ea-bd64-f2ee20abd3be
Exiting due to channel error.
Exiting due to channel error.
Exiting due to channel error.
1664275152619	geckodriver	INFO	Listening on 127.0.0.1:38185
1664275152627	mozrunner::runner	INFO	Running command: "/usr/bin/firefox" "--marionette" "--headless" "--remote-debugging-port" "42743" "--remote-allow-hosts" "localhost" "-no-remote" "-profile" "/tmp/rust_mozprofileOOXDVl"
*** You are running in headless mode.
1664275153113	Marionette	INFO	Marionette enabled
1664275153119	Marionette	INFO	Listening on port 38827
WebDriver BiDi listening on ws://localhost:42743
Read port: 38827
1664275153238	RemoteAgent	WARN	TLS certificate errors will be ignored for this session
[GFX1-]: RenderCompositorSWGL failed mapping default framebuffer, no dt
console.warn: SearchSettings: "get: No settings file exists, new profile?" (new NotFoundError("Could not open the file at /tmp/rust_mozprofileOOXDVl/search.json.mozlz4", (void 0)))
Missing chrome or resource URL: resource://gre/modules/UpdateListener.sys.mjs
DevTools listening on ws://localhost:42743/devtools/browser/900c326c-1796-425a-b1cf-af5972e60bd8
console.warn: LoginRecipes: "Falling back to a synchronous message for: https://www.google.com."
1664275163994	Marionette	INFO	Stopped listening on port 38827
Missing chrome or resource URL: resource://gre/modules/UpdateListener.sys.mjs
console.error: "Error during quit-application-granted: [Exception... \"File error: Not found\"  nsresult: \"0x80520012 (NS_ERROR_FILE_NOT_FOUND)\"  location: \"JS frame :: resource:///modules/BrowserGlue.jsm :: _onQuitApplicationGranted/tasks< :: line 2013\"  data: no]"
1664275245938	geckodriver	INFO	Listening on 127.0.0.1:56257
1664275246452	mozrunner::runner	INFO	Running command: "/usr/bin/firefox" "--marionette" "--headless" "--remote-debugging-port" "35887" "--remote-allow-hosts" "localhost" "-no-remote" "-profile" "/tmp/rust_mozprofileuOIK9R"
*** You are running in headless mode.
1664275246903	Marionette	INFO	Marionette enabled
1664275246909	Marionette	INFO	Listening on port 43573
WebDriver BiDi listening on ws://localhost:35887
Read port: 43573
1664275247042	RemoteAgent	WARN	TLS certificate errors will be ignored for this session
[GFX1-]: RenderCompositorSWGL failed mapping default framebuffer, no dt
console.warn: SearchSettings: "get: No settings file exists, new profile?" (new NotFoundError("Could not open the file at /tmp/rust_mozprofileuOIK9R/search.json.mozlz4", (void 0)))
Missing chrome or resource URL: resource://gre/modules/UpdateListener.sys.mjs
DevTools listening on ws://localhost:35887/devtools/browser/483180d0-dc71-4301-ab3a-b204bcf4e3b2
console.warn: LoginRecipes: "Falling back to a synchronous message for: https://www.google.com."
1664275257579	Marionette	INFO	Stopped listening on port 43573
Missing chrome or resource URL: resource://gre/modules/UpdateListener.sys.mjs
console.error: "Error during quit-application-granted: [Exception... \"File error: Not found\"  nsresult: \"0x80520012 (NS_ERROR_FILE_NOT_FOUND)\"  location: \"JS frame :: resource:///modules/BrowserGlue.jsm :: _onQuitApplicationGranted/tasks< :: line 2013\"  data: no]"
Sandbox: Unexpected EOF, op 0 flags 00 path /proc/cpuinfo
1664275266623	geckodriver	INFO	Listening on 127.0.0.1:47675
1664275267128	mozrunner::runner	INFO	Running command: "/usr/bin/firefox" "--marionette" "--headless" "--remote-debugging-port" "60503" "--remote-allow-hosts" "localhost" "-no-remote" "-profile" "/tmp/rust_mozprofileTBIbqJ"
*** You are running in headless mode.
1664275267509	Marionette	INFO	Marionette enabled
1664275267515	Marionette	INFO	Listening on port 44945
WebDriver BiDi listening on ws://localhost:60503
Read port: 44945
1664275267642	RemoteAgent	WARN	TLS certificate errors will be ignored for this session
[GFX1-]: RenderCompositorSWGL failed mapping default framebuffer, no dt
console.warn: SearchSettings: "get: No settings file exists, new profile?" (new NotFoundError("Could not open the file at /tmp/rust_mozprofileTBIbqJ/search.json.mozlz4", (void 0)))
Missing chrome or resource URL: resource://gre/modules/UpdateListener.sys.mjs
DevTools listening on ws://localhost:60503/devtools/browser/52f49bd6-0e93-45d8-a1dd-fa8a4c99f42f
console.warn: LoginRecipes: "Falling back to a synchronous message for: https://www.google.com."
1664275278827	Marionette	INFO	Stopped listening on port 44945
Missing chrome or resource URL: resource://gre/modules/UpdateListener.sys.mjs
console.error: "Error during quit-application-granted: [Exception... \"File error: Not found\"  nsresult: \"0x80520012 (NS_ERROR_FILE_NOT_FOUND)\"  location: \"JS frame :: resource:///modules/BrowserGlue.jsm :: _onQuitApplicationGranted/tasks< :: line 2013\"  data: no]"
1664275334791	geckodriver	INFO	Listening on 127.0.0.1:37025
1664275335309	mozrunner::runner	INFO	Running command: "/usr/bin/firefox" "--marionette" "--headless" "--remote-debugging-port" "56521" "--remote-allow-hosts" "localhost" "-no-remote" "-profile" "/tmp/rust_mozprofiletN547C"
*** You are running in headless mode.
1664275335735	Marionette	INFO	Marionette enabled
1664275335741	Marionette	INFO	Listening on port 46735
WebDriver BiDi listening on ws://localhost:56521
Read port: 46735
1664275335856	RemoteAgent	WARN	TLS certificate errors will be ignored for this session
[GFX1-]: RenderCompositorSWGL failed mapping default framebuffer, no dt
console.warn: SearchSettings: "get: No settings file exists, new profile?" (new NotFoundError("Could not open the file at /tmp/rust_mozprofiletN547C/search.json.mozlz4", (void 0)))
Missing chrome or resource URL: resource://gre/modules/UpdateListener.sys.mjs
DevTools listening on ws://localhost:56521/devtools/browser/ab78f352-99fd-401b-94d5-c71f4b1c3749
console.warn: LoginRecipes: "Falling back to a synchronous message for: https://www.google.com."
1664275349608	Marionette	INFO	Stopped listening on port 46735
Missing chrome or resource URL: resource://gre/modules/UpdateListener.sys.mjs
console.error: "Error during quit-application-granted: [Exception... \"File error: Not found\"  nsresult: \"0x80520012 (NS_ERROR_FILE_NOT_FOUND)\"  location: \"JS frame :: resource:///modules/BrowserGlue.jsm :: _onQuitApplicationGranted/tasks< :: line 2013\"  data: no]"
1664276237612	geckodriver	INFO	Listening on 127.0.0.1:37829
1664276238133	mozrunner::runner	INFO	Running command: "/usr/bin/firefox" "--marionette" "--headless" "--remote-debugging-port" "41357" "--remote-allow-hosts" "localhost" "-no-remote" "-profile" "/tmp/rust_mozprofile1WjwxO"
*** You are running in headless mode.
1664276238558	Marionette	INFO	Marionette enabled
1664276238564	Marionette	INFO	Listening on port 43737
WebDriver BiDi listening on ws://localhost:41357
Read port: 43737
1664276238678	RemoteAgent	WARN	TLS certificate errors will be ignored for this session
[GFX1-]: RenderCompositorSWGL failed mapping default framebuffer, no dt
console.warn: SearchSettings: "get: No settings file exists, new profile?" (new NotFoundError("Could not open the file at /tmp/rust_mozprofile1WjwxO/search.json.mozlz4", (void 0)))
Missing chrome or resource URL: resource://gre/modules/UpdateListener.sys.mjs
DevTools listening on ws://localhost:41357/devtools/browser/8b5c842d-d2a4-4e6a-b307-bd1ac276d0a8
console.warn: LoginRecipes: "Falling back to a synchronous message for: https://www.google.com."
Exiting due to channel error.
Exiting due to channel error.
Exiting due to channel error.
1664276332857	geckodriver	INFO	Listening on 127.0.0.1:58473
1664276333372	mozrunner::runner	INFO	Running command: "/usr/bin/firefox" "--marionette" "--headless" "--remote-debugging-port" "40341" "--remote-allow-hosts" "localhost" "-no-remote" "-profile" "/tmp/rust_mozprofilenaLWdV"
*** You are running in headless mode.
1664276333788	Marionette	INFO	Marionette enabled
1664276333794	Marionette	INFO	Listening on port 34591
WebDriver BiDi listening on ws://localhost:40341
Read port: 34591
1664276334013	RemoteAgent	WARN	TLS certificate errors will be ignored for this session
[GFX1-]: RenderCompositorSWGL failed mapping default framebuffer, no dt
console.warn: SearchSettings: "get: No settings file exists, new profile?" (new NotFoundError("Could not open the file at /tmp/rust_mozprofilenaLWdV/search.json.mozlz4", (void 0)))
Missing chrome or resource URL: resource://gre/modules/UpdateListener.sys.mjs
DevTools listening on ws://localhost:40341/devtools/browser/d4388119-de54-42dc-aa66-dc073748b917
console.warn: LoginRecipes: "Falling back to a synchronous message for: https://www.google.com."
1664276344887	Marionette	INFO	Stopped listening on port 34591
Missing chrome or resource URL: resource://gre/modules/UpdateListener.sys.mjs
console.error: "Error during quit-application-granted: [Exception... \"File error: Not found\"  nsresult: \"0x80520012 (NS_ERROR_FILE_NOT_FOUND)\"  location: \"JS frame :: resource:///modules/BrowserGlue.jsm :: _onQuitApplicationGranted/tasks< :: line 2013\"  data: no]"
1664276488635	geckodriver	INFO	Listening on 127.0.0.1:37409
1664276489150	mozrunner::runner	INFO	Running command: "/usr/bin/firefox" "--marionette" "--remote-debugging-port" "38019" "--remote-allow-hosts" "localhost" "-no-remote" "-profile" "/tmp/rust_mozprofileWCinRX"
ATTENTION: default value of option mesa_glthread overridden by environment.
ATTENTION: default value of option mesa_glthread overridden by environment.
ATTENTION: default value of option mesa_glthread overridden by environment.
ATTENTION: default value of option mesa_glthread overridden by environment.
1664276489990	Marionette	INFO	Marionette enabled
1664276489996	Marionette	INFO	Listening on port 36455
WebDriver BiDi listening on ws://localhost:38019
Read port: 36455
1664276490101	RemoteAgent	WARN	TLS certificate errors will be ignored for this session
console.warn: SearchSettings: "get: No settings file exists, new profile?" (new NotFoundError("Could not open the file at /tmp/rust_mozprofileWCinRX/search.json.mozlz4", (void 0)))
Missing chrome or resource URL: resource://gre/modules/UpdateListener.sys.mjs
DevTools listening on ws://localhost:38019/devtools/browser/a6bcf1cc-0715-4ea2-b4d3-208b94650116
console.warn: LoginRecipes: "Falling back to a synchronous message for: https://www.google.com."
1664276501351	Marionette	INFO	Stopped listening on port 36455
Missing chrome or resource URL: resource://gre/modules/UpdateListener.sys.mjs
console.error: "Error during quit-application-granted: [Exception... \"File error: Not found\"  nsresult: \"0x80520012 (NS_ERROR_FILE_NOT_FOUND)\"  location: \"JS frame :: resource:///modules/BrowserGlue.jsm :: _onQuitApplicationGranted/tasks< :: line 2013\"  data: no]"
1664277060916	geckodriver	INFO	Listening on 127.0.0.1:52331
1664277061428	mozrunner::runner	INFO	Running command: "/usr/bin/firefox" "--marionette" "--remote-debugging-port" "38959" "--remote-allow-hosts" "localhost" "-no-remote" "-profile" "/tmp/rust_mozprofileoxm8Yk"
ATTENTION: default value of option mesa_glthread overridden by environment.
ATTENTION: default value of option mesa_glthread overridden by environment.
ATTENTION: default value of option mesa_glthread overridden by environment.
ATTENTION: default value of option mesa_glthread overridden by environment.
1664277062323	Marionette	INFO	Marionette enabled
1664277062328	Marionette	INFO	Listening on port 43025
Read port: 43025
WebDriver BiDi listening on ws://localhost:38959
1664277062432	RemoteAgent	WARN	TLS certificate errors will be ignored for this session
console.warn: SearchSettings: "get: No settings file exists, new profile?" (new NotFoundError("Could not open the file at /tmp/rust_mozprofileoxm8Yk/search.json.mozlz4", (void 0)))
Missing chrome or resource URL: resource://gre/modules/UpdateListener.sys.mjs
DevTools listening on ws://localhost:38959/devtools/browser/05a97c90-5a26-4e30-93ce-3d8b1f6e5326
console.warn: LoginRecipes: "Falling back to a synchronous message for: https://www.google.com."
1664277073299	Marionette	INFO	Stopped listening on port 43025
Missing chrome or resource URL: resource://gre/modules/UpdateListener.sys.mjs
console.error: "Error during quit-application-granted: [Exception... \"File error: Not found\"  nsresult: \"0x80520012 (NS_ERROR_FILE_NOT_FOUND)\"  location: \"JS frame :: resource:///modules/BrowserGlue.jsm :: _onQuitApplicationGranted/tasks< :: line 2013\"  data: no]"
1664277084525	geckodriver	INFO	Listening on 127.0.0.1:50561
1664277085037	mozrunner::runner	INFO	Running command: "/usr/bin/firefox" "--marionette" "--remote-debugging-port" "50797" "--remote-allow-hosts" "localhost" "-no-remote" "-profile" "/tmp/rust_mozprofiles0Zkcm"
ATTENTION: default value of option mesa_glthread overridden by environment.
ATTENTION: default value of option mesa_glthread overridden by environment.
ATTENTION: default value of option mesa_glthread overridden by environment.
ATTENTION: default value of option mesa_glthread overridden by environment.
1664277085873	Marionette	INFO	Marionette enabled
1664277085878	Marionette	INFO	Listening on port 33965
WebDriver BiDi listening on ws://localhost:50797
Read port: 33965
1664277085982	RemoteAgent	WARN	TLS certificate errors will be ignored for this session
console.warn: SearchSettings: "get: No settings file exists, new profile?" (new NotFoundError("Could not open the file at /tmp/rust_mozprofiles0Zkcm/search.json.mozlz4", (void 0)))
Missing chrome or resource URL: resource://gre/modules/UpdateListener.sys.mjs
DevTools listening on ws://localhost:50797/devtools/browser/9d779889-6756-4785-9084-9ed49754255a
console.warn: LoginRecipes: "Falling back to a synchronous message for: https://www.google.com."
1664277099001	Marionette	INFO	Stopped listening on port 33965
Missing chrome or resource URL: resource://gre/modules/UpdateListener.sys.mjs
console.error: "Error during quit-application-granted: [Exception... \"File error: Not found\"  nsresult: \"0x80520012 (NS_ERROR_FILE_NOT_FOUND)\"  location: \"JS frame :: resource:///modules/BrowserGlue.jsm :: _onQuitApplicationGranted/tasks< :: line 2013\"  data: no]"
1664277170761	geckodriver	INFO	Listening on 127.0.0.1:43469
1664277171275	mozrunner::runner	INFO	Running command: "/usr/bin/firefox" "--marionette" "--remote-debugging-port" "52243" "--remote-allow-hosts" "localhost" "-no-remote" "-profile" "/tmp/rust_mozprofilehBKljk"
ATTENTION: default value of option mesa_glthread overridden by environment.
ATTENTION: default value of option mesa_glthread overridden by environment.
ATTENTION: default value of option mesa_glthread overridden by environment.
ATTENTION: default value of option mesa_glthread overridden by environment.
1664277172130	Marionette	INFO	Marionette enabled
1664277172135	Marionette	INFO	Listening on port 36889
WebDriver BiDi listening on ws://localhost:52243
Read port: 36889
1664277172238	RemoteAgent	WARN	TLS certificate errors will be ignored for this session
console.warn: SearchSettings: "get: No settings file exists, new profile?" (new NotFoundError("Could not open the file at /tmp/rust_mozprofilehBKljk/search.json.mozlz4", (void 0)))
Missing chrome or resource URL: resource://gre/modules/UpdateListener.sys.mjs
DevTools listening on ws://localhost:52243/devtools/browser/2650b0d9-0e6c-46ea-9f8f-3c6ab82b36bb
console.warn: LoginRecipes: "Falling back to a synchronous message for: https://www.google.com."
1664277183140	Marionette	INFO	Stopped listening on port 36889
Missing chrome or resource URL: resource://gre/modules/UpdateListener.sys.mjs
console.error: "Error during quit-application-granted: [Exception... \"File error: Not found\"  nsresult: \"0x80520012 (NS_ERROR_FILE_NOT_FOUND)\"  location: \"JS frame :: resource:///modules/BrowserGlue.jsm :: _onQuitApplicationGranted/tasks< :: line 2013\"  data: no]"
1664277189178	geckodriver	INFO	Listening on 127.0.0.1:54655
1664277189692	mozrunner::runner	INFO	Running command: "/usr/bin/firefox" "--marionette" "--remote-debugging-port" "56077" "--remote-allow-hosts" "localhost" "-no-remote" "-profile" "/tmp/rust_mozprofile5sORuW"
ATTENTION: default value of option mesa_glthread overridden by environment.
ATTENTION: default value of option mesa_glthread overridden by environment.
ATTENTION: default value of option mesa_glthread overridden by environment.
ATTENTION: default value of option mesa_glthread overridden by environment.
1664277190510	Marionette	INFO	Marionette enabled
1664277190515	Marionette	INFO	Listening on port 36697
WebDriver BiDi listening on ws://localhost:56077
Read port: 36697
1664277190718	RemoteAgent	WARN	TLS certificate errors will be ignored for this session
console.warn: SearchSettings: "get: No settings file exists, new profile?" (new NotFoundError("Could not open the file at /tmp/rust_mozprofile5sORuW/search.json.mozlz4", (void 0)))
Missing chrome or resource URL: resource://gre/modules/UpdateListener.sys.mjs
DevTools listening on ws://localhost:56077/devtools/browser/c8c1bed3-4137-4b7e-9fde-ec88113eaf1a
console.warn: LoginRecipes: "Falling back to a synchronous message for: https://www.google.com."
1664277200608	Marionette	INFO	Stopped listening on port 36697
Missing chrome or resource URL: resource://gre/modules/UpdateListener.sys.mjs
console.error: "Error during quit-application-granted: [Exception... \"File error: Not found\"  nsresult: \"0x80520012 (NS_ERROR_FILE_NOT_FOUND)\"  location: \"JS frame :: resource:///modules/BrowserGlue.jsm :: _onQuitApplicationGranted/tasks< :: line 2013\"  data: no]"
1664277381553	geckodriver	INFO	Listening on 127.0.0.1:43871
1664277382067	mozrunner::runner	INFO	Running command: "/usr/bin/firefox" "--marionette" "--remote-debugging-port" "49669" "--remote-allow-hosts" "localhost" "-no-remote" "-profile" "/tmp/rust_mozprofileLxwyqo"
ATTENTION: default value of option mesa_glthread overridden by environment.
ATTENTION: default value of option mesa_glthread overridden by environment.
ATTENTION: default value of option mesa_glthread overridden by environment.
ATTENTION: default value of option mesa_glthread overridden by environment.
1664277382925	Marionette	INFO	Marionette enabled
1664277382930	Marionette	INFO	Listening on port 38847
WebDriver BiDi listening on ws://localhost:49669
Read port: 38847
1664277383038	RemoteAgent	WARN	TLS certificate errors will be ignored for this session
console.warn: SearchSettings: "get: No settings file exists, new profile?" (new NotFoundError("Could not open the file at /tmp/rust_mozprofileLxwyqo/search.json.mozlz4", (void 0)))
Missing chrome or resource URL: resource://gre/modules/UpdateListener.sys.mjs
DevTools listening on ws://localhost:49669/devtools/browser/eea062a4-dee5-4844-936b-b8c5d604fd8d
console.warn: LoginRecipes: "Falling back to a synchronous message for: https://www.google.com."
1664277394249	Marionette	INFO	Stopped listening on port 38847
Missing chrome or resource URL: resource://gre/modules/UpdateListener.sys.mjs
console.error: "Error during quit-application-granted: [Exception... \"File error: Not found\"  nsresult: \"0x80520012 (NS_ERROR_FILE_NOT_FOUND)\"  location: \"JS frame :: resource:///modules/BrowserGlue.jsm :: _onQuitApplicationGranted/tasks< :: line 2013\"  data: no]"
1664277406570	geckodriver	INFO	Listening on 127.0.0.1:35889
1664277407085	mozrunner::runner	INFO	Running command: "/usr/bin/firefox" "--marionette" "--remote-debugging-port" "57433" "--remote-allow-hosts" "localhost" "-no-remote" "-profile" "/tmp/rust_mozprofile0R7wG7"
ATTENTION: default value of option mesa_glthread overridden by environment.
ATTENTION: default value of option mesa_glthread overridden by environment.
ATTENTION: default value of option mesa_glthread overridden by environment.
ATTENTION: default value of option mesa_glthread overridden by environment.
1664277407912	Marionette	INFO	Marionette enabled
1664277407917	Marionette	INFO	Listening on port 41685
WebDriver BiDi listening on ws://localhost:57433
Read port: 41685
1664277408120	RemoteAgent	WARN	TLS certificate errors will be ignored for this session
console.warn: SearchSettings: "get: No settings file exists, new profile?" (new NotFoundError("Could not open the file at /tmp/rust_mozprofile0R7wG7/search.json.mozlz4", (void 0)))
Missing chrome or resource URL: resource://gre/modules/UpdateListener.sys.mjs
DevTools listening on ws://localhost:57433/devtools/browser/8206473d-f555-490d-a82c-2f601e222b68
console.warn: LoginRecipes: "Falling back to a synchronous message for: https://www.google.com."
1664277419549	Marionette	INFO	Stopped listening on port 41685
Missing chrome or resource URL: resource://gre/modules/UpdateListener.sys.mjs
console.error: "Error during quit-application-granted: [Exception... \"File error: Not found\"  nsresult: \"0x80520012 (NS_ERROR_FILE_NOT_FOUND)\"  location: \"JS frame :: resource:///modules/BrowserGlue.jsm :: _onQuitApplicationGranted/tasks< :: line 2013\"  data: no]"
1664277440579	geckodriver	INFO	Listening on 127.0.0.1:58497
1664277441093	mozrunner::runner	INFO	Running command: "/usr/bin/firefox" "--marionette" "--remote-debugging-port" "56327" "--remote-allow-hosts" "localhost" "-no-remote" "-profile" "/tmp/rust_mozprofile5NeEiU"
ATTENTION: default value of option mesa_glthread overridden by environment.
ATTENTION: default value of option mesa_glthread overridden by environment.
ATTENTION: default value of option mesa_glthread overridden by environment.
ATTENTION: default value of option mesa_glthread overridden by environment.
1664277441947	Marionette	INFO	Marionette enabled
1664277441952	Marionette	INFO	Listening on port 36461
WebDriver BiDi listening on ws://localhost:56327
Read port: 36461
1664277442055	RemoteAgent	WARN	TLS certificate errors will be ignored for this session
console.warn: SearchSettings: "get: No settings file exists, new profile?" (new NotFoundError("Could not open the file at /tmp/rust_mozprofile5NeEiU/search.json.mozlz4", (void 0)))
Missing chrome or resource URL: resource://gre/modules/UpdateListener.sys.mjs
DevTools listening on ws://localhost:56327/devtools/browser/6ee8359e-b5e7-45b5-be91-47cf64886888
console.warn: LoginRecipes: "Falling back to a synchronous message for: https://www.google.com."
1664277453540	Marionette	INFO	Stopped listening on port 36461
Missing chrome or resource URL: resource://gre/modules/UpdateListener.sys.mjs
console.error: "Error during quit-application-granted: [Exception... \"File error: Not found\"  nsresult: \"0x80520012 (NS_ERROR_FILE_NOT_FOUND)\"  location: \"JS frame :: resource:///modules/BrowserGlue.jsm :: _onQuitApplicationGranted/tasks< :: line 2013\"  data: no]"
Sandbox: Unexpected EOF, op 0 flags 00 path /proc/cpuinfo
1664277459992	geckodriver	INFO	Listening on 127.0.0.1:49679
1664277460507	mozrunner::runner	INFO	Running command: "/usr/bin/firefox" "--marionette" "--remote-debugging-port" "46605" "--remote-allow-hosts" "localhost" "-no-remote" "-profile" "/tmp/rust_mozprofileAkSXHH"
ATTENTION: default value of option mesa_glthread overridden by environment.
ATTENTION: default value of option mesa_glthread overridden by environment.
ATTENTION: default value of option mesa_glthread overridden by environment.
ATTENTION: default value of option mesa_glthread overridden by environment.
1664277461368	Marionette	INFO	Marionette enabled
1664277461373	Marionette	INFO	Listening on port 43961
WebDriver BiDi listening on ws://localhost:46605
Read port: 43961
1664277461478	RemoteAgent	WARN	TLS certificate errors will be ignored for this session
console.warn: SearchSettings: "get: No settings file exists, new profile?" (new NotFoundError("Could not open the file at /tmp/rust_mozprofileAkSXHH/search.json.mozlz4", (void 0)))
Missing chrome or resource URL: resource://gre/modules/UpdateListener.sys.mjs
DevTools listening on ws://localhost:46605/devtools/browser/be9c2239-07b8-4766-b07b-e1874f4b781c
console.warn: LoginRecipes: "Falling back to a synchronous message for: https://www.google.com."
1664277472593	Marionette	INFO	Stopped listening on port 43961
Missing chrome or resource URL: resource://gre/modules/UpdateListener.sys.mjs
console.error: "Error during quit-application-granted: [Exception... \"File error: Not found\"  nsresult: \"0x80520012 (NS_ERROR_FILE_NOT_FOUND)\"  location: \"JS frame :: resource:///modules/BrowserGlue.jsm :: _onQuitApplicationGranted/tasks< :: line 2013\"  data: no]"
Sandbox: Unexpected EOF, op 0 flags 00 path /proc/cpuinfo
1664277480197	geckodriver	INFO	Listening on 127.0.0.1:49435
1664277480712	mozrunner::runner	INFO	Running command: "/usr/bin/firefox" "--marionette" "--remote-debugging-port" "40827" "--remote-allow-hosts" "localhost" "-no-remote" "-profile" "/tmp/rust_mozprofileRoSYd3"
ATTENTION: default value of option mesa_glthread overridden by environment.
ATTENTION: default value of option mesa_glthread overridden by environment.
ATTENTION: default value of option mesa_glthread overridden by environment.
ATTENTION: default value of option mesa_glthread overridden by environment.
1664277481586	Marionette	INFO	Marionette enabled
1664277481591	Marionette	INFO	Listening on port 46705
WebDriver BiDi listening on ws://localhost:40827
Read port: 46705
1664277481697	RemoteAgent	WARN	TLS certificate errors will be ignored for this session
console.warn: SearchSettings: "get: No settings file exists, new profile?" (new NotFoundError("Could not open the file at /tmp/rust_mozprofileRoSYd3/search.json.mozlz4", (void 0)))
Missing chrome or resource URL: resource://gre/modules/UpdateListener.sys.mjs
DevTools listening on ws://localhost:40827/devtools/browser/93186505-576d-4444-a4a0-24fbee4f7742
console.warn: LoginRecipes: "Falling back to a synchronous message for: https://www.google.com."
1664277492958	Marionette	INFO	Stopped listening on port 46705
Missing chrome or resource URL: resource://gre/modules/UpdateListener.sys.mjs
console.error: "Error during quit-application-granted: [Exception... \"File error: Not found\"  nsresult: \"0x80520012 (NS_ERROR_FILE_NOT_FOUND)\"  location: \"JS frame :: resource:///modules/BrowserGlue.jsm :: _onQuitApplicationGranted/tasks< :: line 2013\"  data: no]"
1664277509425	geckodriver	INFO	Listening on 127.0.0.1:58793
1664277509941	mozrunner::runner	INFO	Running command: "/usr/bin/firefox" "--marionette" "--headless" "--remote-debugging-port" "41687" "--remote-allow-hosts" "localhost" "-no-remote" "-profile" "/tmp/rust_mozprofilekJpjWB"
*** You are running in headless mode.
1664277510339	Marionette	INFO	Marionette enabled
1664277510344	Marionette	INFO	Listening on port 39981
WebDriver BiDi listening on ws://localhost:41687
Read port: 39981
1664277510591	RemoteAgent	WARN	TLS certificate errors will be ignored for this session
[GFX1-]: RenderCompositorSWGL failed mapping default framebuffer, no dt
console.warn: SearchSettings: "get: No settings file exists, new profile?" (new NotFoundError("Could not open the file at /tmp/rust_mozprofilekJpjWB/search.json.mozlz4", (void 0)))
Missing chrome or resource URL: resource://gre/modules/UpdateListener.sys.mjs
DevTools listening on ws://localhost:41687/devtools/browser/dc1234ff-94f9-46b7-b648-46158fa19b83
console.warn: LoginRecipes: "Falling back to a synchronous message for: https://www.google.com."
1664277521513	Marionette	INFO	Stopped listening on port 39981
Missing chrome or resource URL: resource://gre/modules/UpdateListener.sys.mjs
console.error: "Error during quit-application-granted: [Exception... \"File error: Not found\"  nsresult: \"0x80520012 (NS_ERROR_FILE_NOT_FOUND)\"  location: \"JS frame :: resource:///modules/BrowserGlue.jsm :: _onQuitApplicationGranted/tasks< :: line 2013\"  data: no]"
1664277528325	geckodriver	INFO	Listening on 127.0.0.1:37561
1664277528837	mozrunner::runner	INFO	Running command: "/usr/bin/firefox" "--marionette" "--headless" "--remote-debugging-port" "51141" "--remote-allow-hosts" "localhost" "-no-remote" "-profile" "/tmp/rust_mozprofileEYUlAO"
*** You are running in headless mode.
1664277529245	Marionette	INFO	Marionette enabled
1664277529250	Marionette	INFO	Listening on port 45971
WebDriver BiDi listening on ws://localhost:51141
Read port: 45971
1664277529476	RemoteAgent	WARN	TLS certificate errors will be ignored for this session
[GFX1-]: RenderCompositorSWGL failed mapping default framebuffer, no dt
console.warn: SearchSettings: "get: No settings file exists, new profile?" (new NotFoundError("Could not open the file at /tmp/rust_mozprofileEYUlAO/search.json.mozlz4", (void 0)))
Missing chrome or resource URL: resource://gre/modules/UpdateListener.sys.mjs
DevTools listening on ws://localhost:51141/devtools/browser/a3221976-6d64-45ed-b306-66fdda15f30f
console.warn: LoginRecipes: "Falling back to a synchronous message for: https://www.google.com."
1664277539798	Marionette	INFO	Stopped listening on port 45971
Missing chrome or resource URL: resource://gre/modules/UpdateListener.sys.mjs
console.error: "Error during quit-application-granted: [Exception... \"File error: Not found\"  nsresult: \"0x80520012 (NS_ERROR_FILE_NOT_FOUND)\"  location: \"JS frame :: resource:///modules/BrowserGlue.jsm :: _onQuitApplicationGranted/tasks< :: line 2013\"  data: no]"
1664280345211	geckodriver	INFO	Listening on 127.0.0.1:54437
1664280345717	mozrunner::runner	INFO	Running command: "/usr/bin/firefox" "--marionette" "--headless" "--remote-debugging-port" "56241" "--remote-allow-hosts" "localhost" "-no-remote" "-profile" "/tmp/rust_mozprofileE0sW1F"
*** You are running in headless mode.
1664280346122	Marionette	INFO	Marionette enabled
1664280346127	Marionette	INFO	Listening on port 45023
WebDriver BiDi listening on ws://localhost:56241
Read port: 45023
1664280346365	RemoteAgent	WARN	TLS certificate errors will be ignored for this session
[GFX1-]: RenderCompositorSWGL failed mapping default framebuffer, no dt
console.warn: SearchSettings: "get: No settings file exists, new profile?" (new NotFoundError("Could not open the file at /tmp/rust_mozprofileE0sW1F/search.json.mozlz4", (void 0)))
Missing chrome or resource URL: resource://gre/modules/UpdateListener.sys.mjs
DevTools listening on ws://localhost:56241/devtools/browser/590a9b85-0273-41be-96aa-4bdf8ee30643
console.warn: LoginRecipes: "Falling back to a synchronous message for: https://www.google.com."
1664280357374	Marionette	INFO	Stopped listening on port 45023
Missing chrome or resource URL: resource://gre/modules/UpdateListener.sys.mjs
console.error: "Error during quit-application-granted: [Exception... \"File error: Not found\"  nsresult: \"0x80520012 (NS_ERROR_FILE_NOT_FOUND)\"  location: \"JS frame :: resource:///modules/BrowserGlue.jsm :: _onQuitApplicationGranted/tasks< :: line 2013\"  data: no]"
1664280368542	geckodriver	INFO	Listening on 127.0.0.1:48241
1664280368556	mozrunner::runner	INFO	Running command: "/usr/bin/firefox" "--marionette" "--headless" "--remote-debugging-port" "38269" "--remote-allow-hosts" "localhost" "-no-remote" "-profile" "/tmp/rust_mozprofilet5S1nD"
*** You are running in headless mode.
1664280368970	Marionette	INFO	Marionette enabled
1664280368975	Marionette	INFO	Listening on port 40293
WebDriver BiDi listening on ws://localhost:38269
Read port: 40293
1664280369181	RemoteAgent	WARN	TLS certificate errors will be ignored for this session
[GFX1-]: RenderCompositorSWGL failed mapping default framebuffer, no dt
console.warn: SearchSettings: "get: No settings file exists, new profile?" (new NotFoundError("Could not open the file at /tmp/rust_mozprofilet5S1nD/search.json.mozlz4", (void 0)))
Missing chrome or resource URL: resource://gre/modules/UpdateListener.sys.mjs
DevTools listening on ws://localhost:38269/devtools/browser/0ff8f13a-335d-4d8f-93dc-620334bc2828
console.warn: LoginRecipes: "Falling back to a synchronous message for: https://www.google.com."
1664280380139	Marionette	INFO	Stopped listening on port 40293
Missing chrome or resource URL: resource://gre/modules/UpdateListener.sys.mjs
console.error: "Error during quit-application-granted: [Exception... \"File error: Not found\"  nsresult: \"0x80520012 (NS_ERROR_FILE_NOT_FOUND)\"  location: \"JS frame :: resource:///modules/BrowserGlue.jsm :: _onQuitApplicationGranted/tasks< :: line 2013\"  data: no]"
1664280526172	geckodriver	INFO	Listening on 127.0.0.1:41611
1664280526685	mozrunner::runner	INFO	Running command: "/usr/bin/firefox" "--marionette" "--headless" "--remote-debugging-port" "48971" "--remote-allow-hosts" "localhost" "-no-remote" "-profile" "/tmp/rust_mozprofile1eSmDE"
*** You are running in headless mode.
1664280527108	Marionette	INFO	Marionette enabled
1664280527114	Marionette	INFO	Listening on port 45955
WebDriver BiDi listening on ws://localhost:48971
Read port: 45955
1664280527235	RemoteAgent	WARN	TLS certificate errors will be ignored for this session
[GFX1-]: RenderCompositorSWGL failed mapping default framebuffer, no dt
console.warn: SearchSettings: "get: No settings file exists, new profile?" (new NotFoundError("Could not open the file at /tmp/rust_mozprofile1eSmDE/search.json.mozlz4", (void 0)))
Missing chrome or resource URL: resource://gre/modules/UpdateListener.sys.mjs
DevTools listening on ws://localhost:48971/devtools/browser/8d0eaa42-c37d-40de-9bca-ab91d57f78bf
console.warn: LoginRecipes: "Falling back to a synchronous message for: https://www.google.com."
1664280538262	Marionette	INFO	Stopped listening on port 45955
Missing chrome or resource URL: resource://gre/modules/UpdateListener.sys.mjs
console.error: "Error during quit-application-granted: [Exception... \"File error: Not found\"  nsresult: \"0x80520012 (NS_ERROR_FILE_NOT_FOUND)\"  location: \"JS frame :: resource:///modules/BrowserGlue.jsm :: _onQuitApplicationGranted/tasks< :: line 2013\"  data: no]"
Sandbox: Unexpected EOF, op 0 flags 00 path /proc/cpuinfo
1664281162220	geckodriver	INFO	Listening on 127.0.0.1:33893
1664281162732	mozrunner::runner	INFO	Running command: "/usr/bin/firefox" "--marionette" "--headless" "--remote-debugging-port" "43131" "--remote-allow-hosts" "localhost" "-no-remote" "-profile" "/tmp/rust_mozprofileytOq1G"
*** You are running in headless mode.
1664281163146	Marionette	INFO	Marionette enabled
1664281163151	Marionette	INFO	Listening on port 42573
WebDriver BiDi listening on ws://localhost:43131
Read port: 42573
1664281163276	RemoteAgent	WARN	TLS certificate errors will be ignored for this session
[GFX1-]: RenderCompositorSWGL failed mapping default framebuffer, no dt
console.warn: SearchSettings: "get: No settings file exists, new profile?" (new NotFoundError("Could not open the file at /tmp/rust_mozprofileytOq1G/search.json.mozlz4", (void 0)))
Missing chrome or resource URL: resource://gre/modules/UpdateListener.sys.mjs
DevTools listening on ws://localhost:43131/devtools/browser/2dd8d727-f2f4-457e-9fe0-7d539d6f3cb7
console.warn: LoginRecipes: "Falling back to a synchronous message for: https://www.google.com."
1664281174551	Marionette	INFO	Stopped listening on port 42573
Missing chrome or resource URL: resource://gre/modules/UpdateListener.sys.mjs
console.error: "Error during quit-application-granted: [Exception... \"File error: Not found\"  nsresult: \"0x80520012 (NS_ERROR_FILE_NOT_FOUND)\"  location: \"JS frame :: resource:///modules/BrowserGlue.jsm :: _onQuitApplicationGranted/tasks< :: line 2013\"  data: no]"
1664281198379	geckodriver	INFO	Listening on 127.0.0.1:37215
1664281198393	mozrunner::runner	INFO	Running command: "/usr/bin/firefox" "--marionette" "--headless" "--remote-debugging-port" "52897" "--remote-allow-hosts" "localhost" "-no-remote" "-profile" "/tmp/rust_mozprofileX3l4Ij"
*** You are running in headless mode.
1664281198788	Marionette	INFO	Marionette enabled
1664281198793	Marionette	INFO	Listening on port 35239
Read port: 35239
WebDriver BiDi listening on ws://localhost:52897
1664281198903	RemoteAgent	WARN	TLS certificate errors will be ignored for this session
[GFX1-]: RenderCompositorSWGL failed mapping default framebuffer, no dt
console.warn: SearchSettings: "get: No settings file exists, new profile?" (new NotFoundError("Could not open the file at /tmp/rust_mozprofileX3l4Ij/search.json.mozlz4", (void 0)))
Missing chrome or resource URL: resource://gre/modules/UpdateListener.sys.mjs
DevTools listening on ws://localhost:52897/devtools/browser/94744c6d-74d0-413a-aef1-b75cf2028497
console.warn: LoginRecipes: "Falling back to a synchronous message for: https://www.google.com."
1664281209584	Marionette	INFO	Stopped listening on port 35239
Missing chrome or resource URL: resource://gre/modules/UpdateListener.sys.mjs
console.error: "Error during quit-application-granted: [Exception... \"File error: Not found\"  nsresult: \"0x80520012 (NS_ERROR_FILE_NOT_FOUND)\"  location: \"JS frame :: resource:///modules/BrowserGlue.jsm :: _onQuitApplicationGranted/tasks< :: line 2013\"  data: no]"
Sandbox: Unexpected EOF, op 0 flags 00 path /proc/cpuinfo
1664283677933	geckodriver	INFO	Listening on 127.0.0.1:47025
1664283678438	mozrunner::runner	INFO	Running command: "/usr/bin/firefox" "--marionette" "--headless" "--remote-debugging-port" "34371" "--remote-allow-hosts" "localhost" "-no-remote" "-profile" "/tmp/rust_mozprofileU7adwS"
*** You are running in headless mode.
1664283678808	Marionette	INFO	Marionette enabled
1664283678814	Marionette	INFO	Listening on port 35129
WebDriver BiDi listening on ws://localhost:34371
Read port: 35129
1664283678962	RemoteAgent	WARN	TLS certificate errors will be ignored for this session
[GFX1-]: RenderCompositorSWGL failed mapping default framebuffer, no dt
console.warn: SearchSettings: "get: No settings file exists, new profile?" (new NotFoundError("Could not open the file at /tmp/rust_mozprofileU7adwS/search.json.mozlz4", (void 0)))
Missing chrome or resource URL: resource://gre/modules/UpdateListener.sys.mjs
DevTools listening on ws://localhost:34371/devtools/browser/c14c9fcb-7aa3-4e2f-83c3-8be822120823
console.warn: LoginRecipes: "Falling back to a synchronous message for: https://www.google.com."
1664283689759	Marionette	INFO	Stopped listening on port 35129
Missing chrome or resource URL: resource://gre/modules/UpdateListener.sys.mjs
console.error: "Error during quit-application-granted: [Exception... \"File error: Not found\"  nsresult: \"0x80520012 (NS_ERROR_FILE_NOT_FOUND)\"  location: \"JS frame :: resource:///modules/BrowserGlue.jsm :: _onQuitApplicationGranted/tasks< :: line 2013\"  data: no]"
1664284061306	geckodriver	INFO	Listening on 127.0.0.1:38365
1664284061818	mozrunner::runner	INFO	Running command: "/usr/bin/firefox" "--marionette" "--headless" "--remote-debugging-port" "55547" "--remote-allow-hosts" "localhost" "-no-remote" "-profile" "/tmp/rust_mozprofileeUKEeW"
*** You are running in headless mode.
1664284062223	Marionette	INFO	Marionette enabled
1664284062228	Marionette	INFO	Listening on port 43823
WebDriver BiDi listening on ws://localhost:55547
Read port: 43823
1664284062443	RemoteAgent	WARN	TLS certificate errors will be ignored for this session
[GFX1-]: RenderCompositorSWGL failed mapping default framebuffer, no dt
console.warn: SearchSettings: "get: No settings file exists, new profile?" (new NotFoundError("Could not open the file at /tmp/rust_mozprofileeUKEeW/search.json.mozlz4", (void 0)))
Missing chrome or resource URL: resource://gre/modules/UpdateListener.sys.mjs
DevTools listening on ws://localhost:55547/devtools/browser/d973fd2d-e6d7-4276-99e2-9788e5640ba3
console.warn: LoginRecipes: "Falling back to a synchronous message for: https://www.google.com."
1664284073204	Marionette	INFO	Stopped listening on port 43823
Missing chrome or resource URL: resource://gre/modules/UpdateListener.sys.mjs
console.error: "Error during quit-application-granted: [Exception... \"File error: Not found\"  nsresult: \"0x80520012 (NS_ERROR_FILE_NOT_FOUND)\"  location: \"JS frame :: resource:///modules/BrowserGlue.jsm :: _onQuitApplicationGranted/tasks< :: line 2013\"  data: no]"
Sandbox: Unexpected EOF, op 0 flags 00 path /proc/cpuinfo
1664284159050	geckodriver	INFO	Listening on 127.0.0.1:53397
1664284159552	mozrunner::runner	INFO	Running command: "/usr/bin/firefox" "--marionette" "--headless" "--remote-debugging-port" "47935" "--remote-allow-hosts" "localhost" "-no-remote" "-profile" "/tmp/rust_mozprofileLu5f0A"
*** You are running in headless mode.
1664284159989	Marionette	INFO	Marionette enabled
1664284159994	Marionette	INFO	Listening on port 45687
WebDriver BiDi listening on ws://localhost:47935
Read port: 45687
1664284160115	RemoteAgent	WARN	TLS certificate errors will be ignored for this session
[GFX1-]: RenderCompositorSWGL failed mapping default framebuffer, no dt
console.warn: SearchSettings: "get: No settings file exists, new profile?" (new NotFoundError("Could not open the file at /tmp/rust_mozprofileLu5f0A/search.json.mozlz4", (void 0)))
Missing chrome or resource URL: resource://gre/modules/UpdateListener.sys.mjs
DevTools listening on ws://localhost:47935/devtools/browser/e771d3a0-75e4-4feb-abd1-7f0f39c45aaa
console.warn: LoginRecipes: "Falling back to a synchronous message for: https://www.google.com."
1664284171294	Marionette	INFO	Stopped listening on port 45687
Missing chrome or resource URL: resource://gre/modules/UpdateListener.sys.mjs
console.error: "Error during quit-application-granted: [Exception... \"File error: Not found\"  nsresult: \"0x80520012 (NS_ERROR_FILE_NOT_FOUND)\"  location: \"JS frame :: resource:///modules/BrowserGlue.jsm :: _onQuitApplicationGranted/tasks< :: line 2013\"  data: no]"
1664284989441	geckodriver	INFO	Listening on 127.0.0.1:34157
1664284989956	mozrunner::runner	INFO	Running command: "/usr/bin/firefox" "--marionette" "--headless" "--remote-debugging-port" "47575" "--remote-allow-hosts" "localhost" "-no-remote" "-profile" "/tmp/rust_mozprofilen4DSsj"
*** You are running in headless mode.
1664284990357	Marionette	INFO	Marionette enabled
1664284990363	Marionette	INFO	Listening on port 46435
WebDriver BiDi listening on ws://localhost:47575
Read port: 46435
1664284990616	RemoteAgent	WARN	TLS certificate errors will be ignored for this session
[GFX1-]: RenderCompositorSWGL failed mapping default framebuffer, no dt
console.warn: SearchSettings: "get: No settings file exists, new profile?" (new NotFoundError("Could not open the file at /tmp/rust_mozprofilen4DSsj/search.json.mozlz4", (void 0)))
Missing chrome or resource URL: resource://gre/modules/UpdateListener.sys.mjs
DevTools listening on ws://localhost:47575/devtools/browser/15561b85-4b97-41e5-a47b-aac1789a250f
console.warn: LoginRecipes: "Falling back to a synchronous message for: https://www.google.com."
1664285001616	Marionette	INFO	Stopped listening on port 46435
Missing chrome or resource URL: resource://gre/modules/UpdateListener.sys.mjs
console.error: "Error during quit-application-granted: [Exception... \"File error: Not found\"  nsresult: \"0x80520012 (NS_ERROR_FILE_NOT_FOUND)\"  location: \"JS frame :: resource:///modules/BrowserGlue.jsm :: _onQuitApplicationGranted/tasks< :: line 2013\"  data: no]"
1664285360679	geckodriver	INFO	Listening on 127.0.0.1:44925
1664285361191	mozrunner::runner	INFO	Running command: "/usr/bin/firefox" "--marionette" "--headless" "--remote-debugging-port" "50449" "--remote-allow-hosts" "localhost" "-no-remote" "-profile" "/tmp/rust_mozprofileX5AsDT"
*** You are running in headless mode.
1664285361598	Marionette	INFO	Marionette enabled
1664285361603	Marionette	INFO	Listening on port 37279
WebDriver BiDi listening on ws://localhost:50449
Read port: 37279
1664285361813	RemoteAgent	WARN	TLS certificate errors will be ignored for this session
[GFX1-]: RenderCompositorSWGL failed mapping default framebuffer, no dt
console.warn: SearchSettings: "get: No settings file exists, new profile?" (new NotFoundError("Could not open the file at /tmp/rust_mozprofileX5AsDT/search.json.mozlz4", (void 0)))
Missing chrome or resource URL: resource://gre/modules/UpdateListener.sys.mjs
DevTools listening on ws://localhost:50449/devtools/browser/84c3eddb-3a37-44f3-b4c8-aa0946e58ef4
console.warn: LoginRecipes: "Falling back to a synchronous message for: https://www.google.com."
1664285373595	Marionette	INFO	Stopped listening on port 37279
Missing chrome or resource URL: resource://gre/modules/UpdateListener.sys.mjs
console.error: "Error during quit-application-granted: [Exception... \"File error: Not found\"  nsresult: \"0x80520012 (NS_ERROR_FILE_NOT_FOUND)\"  location: \"JS frame :: resource:///modules/BrowserGlue.jsm :: _onQuitApplicationGranted/tasks< :: line 2013\"  data: no]"
Sandbox: Unexpected EOF, op 0 flags 00 path /proc/cpuinfo
1664346623034	geckodriver	INFO	Listening on 127.0.0.1:53569
1664346623548	mozrunner::runner	INFO	Running command: "/usr/bin/firefox" "--marionette" "--headless" "--remote-debugging-port" "58945" "--remote-allow-hosts" "localhost" "-no-remote" "-profile" "/tmp/rust_mozprofilev3flC4"
*** You are running in headless mode.
1664346623957	Marionette	INFO	Marionette enabled
1664346623963	Marionette	INFO	Listening on port 42711
WebDriver BiDi listening on ws://localhost:58945
Read port: 42711
1664346624093	RemoteAgent	WARN	TLS certificate errors will be ignored for this session
[GFX1-]: RenderCompositorSWGL failed mapping default framebuffer, no dt
console.warn: SearchSettings: "get: No settings file exists, new profile?" (new NotFoundError("Could not open the file at /tmp/rust_mozprofilev3flC4/search.json.mozlz4", (void 0)))
Missing chrome or resource URL: resource://gre/modules/UpdateListener.sys.mjs
DevTools listening on ws://localhost:58945/devtools/browser/baeb073f-c505-4060-863f-7bc8cb62508c
console.warn: LoginRecipes: "Falling back to a synchronous message for: https://www.google.com."
1664346635397	Marionette	INFO	Stopped listening on port 42711
Missing chrome or resource URL: resource://gre/modules/UpdateListener.sys.mjs
console.error: "Error during quit-application-granted: [Exception... \"File error: Not found\"  nsresult: \"0x80520012 (NS_ERROR_FILE_NOT_FOUND)\"  location: \"JS frame :: resource:///modules/BrowserGlue.jsm :: _onQuitApplicationGranted/tasks< :: line 2013\"  data: no]"
1664346651154	geckodriver	INFO	Listening on 127.0.0.1:58857
1664346651666	mozrunner::runner	INFO	Running command: "/usr/bin/firefox" "--marionette" "--headless" "--remote-debugging-port" "41737" "--remote-allow-hosts" "localhost" "-no-remote" "-profile" "/tmp/rust_mozprofile0gTYSW"
*** You are running in headless mode.
1664346652083	Marionette	INFO	Marionette enabled
1664346652088	Marionette	INFO	Listening on port 33779
WebDriver BiDi listening on ws://localhost:41737
Read port: 33779
1664346652218	RemoteAgent	WARN	TLS certificate errors will be ignored for this session
[GFX1-]: RenderCompositorSWGL failed mapping default framebuffer, no dt
console.warn: SearchSettings: "get: No settings file exists, new profile?" (new NotFoundError("Could not open the file at /tmp/rust_mozprofile0gTYSW/search.json.mozlz4", (void 0)))
Missing chrome or resource URL: resource://gre/modules/UpdateListener.sys.mjs
DevTools listening on ws://localhost:41737/devtools/browser/9e3c4951-cf02-4f63-97d4-3dc07c33900d
console.warn: LoginRecipes: "Falling back to a synchronous message for: https://www.google.com."
1664346662547	Marionette	INFO	Stopped listening on port 33779
Missing chrome or resource URL: resource://gre/modules/UpdateListener.sys.mjs
console.error: "Error during quit-application-granted: [Exception... \"File error: Not found\"  nsresult: \"0x80520012 (NS_ERROR_FILE_NOT_FOUND)\"  location: \"JS frame :: resource:///modules/BrowserGlue.jsm :: _onQuitApplicationGranted/tasks< :: line 2013\"  data: no]"
1664346674093	geckodriver	INFO	Listening on 127.0.0.1:59269
1664346674608	mozrunner::runner	INFO	Running command: "/usr/bin/firefox" "--marionette" "--headless" "--remote-debugging-port" "34513" "--remote-allow-hosts" "localhost" "-no-remote" "-profile" "/tmp/rust_mozprofilejRER2q"
*** You are running in headless mode.
1664346675011	Marionette	INFO	Marionette enabled
1664346675016	Marionette	INFO	Listening on port 34207
WebDriver BiDi listening on ws://localhost:34513
Read port: 34207
1664346675257	RemoteAgent	WARN	TLS certificate errors will be ignored for this session
[GFX1-]: RenderCompositorSWGL failed mapping default framebuffer, no dt
console.warn: SearchSettings: "get: No settings file exists, new profile?" (new NotFoundError("Could not open the file at /tmp/rust_mozprofilejRER2q/search.json.mozlz4", (void 0)))
Missing chrome or resource URL: resource://gre/modules/UpdateListener.sys.mjs
DevTools listening on ws://localhost:34513/devtools/browser/a7ee4f0d-7dea-49ce-9650-77123959ed60
console.warn: LoginRecipes: "Falling back to a synchronous message for: https://www.google.com."
1664346686396	Marionette	INFO	Stopped listening on port 34207
Missing chrome or resource URL: resource://gre/modules/UpdateListener.sys.mjs
console.error: "Error during quit-application-granted: [Exception... \"File error: Not found\"  nsresult: \"0x80520012 (NS_ERROR_FILE_NOT_FOUND)\"  location: \"JS frame :: resource:///modules/BrowserGlue.jsm :: _onQuitApplicationGranted/tasks< :: line 2013\"  data: no]"
1664346700626	geckodriver	INFO	Listening on 127.0.0.1:36133
1664346701141	mozrunner::runner	INFO	Running command: "/usr/bin/firefox" "--marionette" "--headless" "--remote-debugging-port" "58443" "--remote-allow-hosts" "localhost" "-no-remote" "-profile" "/tmp/rust_mozprofile4VbgXw"
*** You are running in headless mode.
1664346701556	Marionette	INFO	Marionette enabled
1664346701560	Marionette	INFO	Listening on port 35749
WebDriver BiDi listening on ws://localhost:58443
Read port: 35749
1664346701770	RemoteAgent	WARN	TLS certificate errors will be ignored for this session
[GFX1-]: RenderCompositorSWGL failed mapping default framebuffer, no dt
console.warn: SearchSettings: "get: No settings file exists, new profile?" (new NotFoundError("Could not open the file at /tmp/rust_mozprofile4VbgXw/search.json.mozlz4", (void 0)))
Missing chrome or resource URL: resource://gre/modules/UpdateListener.sys.mjs
DevTools listening on ws://localhost:58443/devtools/browser/96842290-8a77-4eea-90f6-d022c72472fc
console.warn: LoginRecipes: "Falling back to a synchronous message for: https://www.google.com."
1664346714979	Marionette	INFO	Stopped listening on port 35749
Missing chrome or resource URL: resource://gre/modules/UpdateListener.sys.mjs
console.error: "Error during quit-application-granted: [Exception... \"File error: Not found\"  nsresult: \"0x80520012 (NS_ERROR_FILE_NOT_FOUND)\"  location: \"JS frame :: resource:///modules/BrowserGlue.jsm :: _onQuitApplicationGranted/tasks< :: line 2013\"  data: no]"
Sandbox: Unexpected EOF, op 0 flags 00 path /proc/cpuinfo
1664346735063	geckodriver	INFO	Listening on 127.0.0.1:60945
1664346735576	mozrunner::runner	INFO	Running command: "/usr/bin/firefox" "--marionette" "--headless" "--remote-debugging-port" "50717" "--remote-allow-hosts" "localhost" "-no-remote" "-profile" "/tmp/rust_mozprofilepd4uaO"
*** You are running in headless mode.
1664346735972	Marionette	INFO	Marionette enabled
1664346735977	Marionette	INFO	Listening on port 42309
Read port: 42309
WebDriver BiDi listening on ws://localhost:50717
1664346736091	RemoteAgent	WARN	TLS certificate errors will be ignored for this session
[GFX1-]: RenderCompositorSWGL failed mapping default framebuffer, no dt
console.warn: SearchSettings: "get: No settings file exists, new profile?" (new NotFoundError("Could not open the file at /tmp/rust_mozprofilepd4uaO/search.json.mozlz4", (void 0)))
Missing chrome or resource URL: resource://gre/modules/UpdateListener.sys.mjs
DevTools listening on ws://localhost:50717/devtools/browser/c3fff622-0494-4c52-a658-3d1706099830
console.warn: LoginRecipes: "Falling back to a synchronous message for: https://www.google.com."
1664346747356	Marionette	INFO	Stopped listening on port 42309
Missing chrome or resource URL: resource://gre/modules/UpdateListener.sys.mjs
console.error: "Error during quit-application-granted: [Exception... \"File error: Not found\"  nsresult: \"0x80520012 (NS_ERROR_FILE_NOT_FOUND)\"  location: \"JS frame :: resource:///modules/BrowserGlue.jsm :: _onQuitApplicationGranted/tasks< :: line 2013\"  data: no]"
1664346761031	geckodriver	INFO	Listening on 127.0.0.1:54323
1664346761543	mozrunner::runner	INFO	Running command: "/usr/bin/firefox" "--marionette" "--headless" "--remote-debugging-port" "52765" "--remote-allow-hosts" "localhost" "-no-remote" "-profile" "/tmp/rust_mozprofileOOBsJe"
*** You are running in headless mode.
1664346761942	Marionette	INFO	Marionette enabled
1664346761948	Marionette	INFO	Listening on port 45665
WebDriver BiDi listening on ws://localhost:52765
Read port: 45665
1664346762190	RemoteAgent	WARN	TLS certificate errors will be ignored for this session
[GFX1-]: RenderCompositorSWGL failed mapping default framebuffer, no dt
console.warn: SearchSettings: "get: No settings file exists, new profile?" (new NotFoundError("Could not open the file at /tmp/rust_mozprofileOOBsJe/search.json.mozlz4", (void 0)))
Missing chrome or resource URL: resource://gre/modules/UpdateListener.sys.mjs
DevTools listening on ws://localhost:52765/devtools/browser/cb8a9bb6-045d-4485-9989-3141c2d72102
console.warn: LoginRecipes: "Falling back to a synchronous message for: https://www.google.com."
1664346773387	Marionette	INFO	Stopped listening on port 45665
Missing chrome or resource URL: resource://gre/modules/UpdateListener.sys.mjs
console.error: "Error during quit-application-granted: [Exception... \"File error: Not found\"  nsresult: \"0x80520012 (NS_ERROR_FILE_NOT_FOUND)\"  location: \"JS frame :: resource:///modules/BrowserGlue.jsm :: _onQuitApplicationGranted/tasks< :: line 2013\"  data: no]"
1664346845400	geckodriver	INFO	Listening on 127.0.0.1:37851
1664346845912	mozrunner::runner	INFO	Running command: "/usr/bin/firefox" "--marionette" "--headless" "--remote-debugging-port" "60251" "--remote-allow-hosts" "localhost" "-no-remote" "-profile" "/tmp/rust_mozprofileSxGndc"
*** You are running in headless mode.
1664346846294	Marionette	INFO	Marionette enabled
1664346846299	Marionette	INFO	Listening on port 41931
WebDriver BiDi listening on ws://localhost:60251
Read port: 41931
1664346846415	RemoteAgent	WARN	TLS certificate errors will be ignored for this session
[GFX1-]: RenderCompositorSWGL failed mapping default framebuffer, no dt
console.warn: SearchSettings: "get: No settings file exists, new profile?" (new NotFoundError("Could not open the file at /tmp/rust_mozprofileSxGndc/search.json.mozlz4", (void 0)))
Missing chrome or resource URL: resource://gre/modules/UpdateListener.sys.mjs
DevTools listening on ws://localhost:60251/devtools/browser/74cfb4db-c368-4d15-9205-f92d0aba485a
console.warn: LoginRecipes: "Falling back to a synchronous message for: https://www.google.com."
1664346853556	geckodriver	INFO	Listening on 127.0.0.1:59087
1664346854069	mozrunner::runner	INFO	Running command: "/usr/bin/firefox" "--marionette" "--headless" "--remote-debugging-port" "59273" "--remote-allow-hosts" "localhost" "-no-remote" "-profile" "/tmp/rust_mozprofileWgnbQ2"
*** You are running in headless mode.
1664346854594	Marionette	INFO	Marionette enabled
1664346854601	Marionette	INFO	Listening on port 38561
WebDriver BiDi listening on ws://localhost:59273
Read port: 38561
1664346854715	RemoteAgent	WARN	TLS certificate errors will be ignored for this session
[GFX1-]: RenderCompositorSWGL failed mapping default framebuffer, no dt
console.warn: SearchSettings: "get: No settings file exists, new profile?" (new NotFoundError("Could not open the file at /tmp/rust_mozprofileWgnbQ2/search.json.mozlz4", (void 0)))
Missing chrome or resource URL: resource://gre/modules/UpdateListener.sys.mjs
DevTools listening on ws://localhost:59273/devtools/browser/cf1b2528-d28f-4d8e-bd6d-2b856cb268da
1664346857510	Marionette	INFO	Stopped listening on port 41931
Missing chrome or resource URL: resource://gre/modules/UpdateListener.sys.mjs
console.error: "Error during quit-application-granted: [Exception... \"File error: Not found\"  nsresult: \"0x80520012 (NS_ERROR_FILE_NOT_FOUND)\"  location: \"JS frame :: resource:///modules/BrowserGlue.jsm :: _onQuitApplicationGranted/tasks< :: line 2013\"  data: no]"
console.warn: LoginRecipes: "Falling back to a synchronous message for: https://www.google.com."
1664346868358	Marionette	INFO	Stopped listening on port 38561
Missing chrome or resource URL: resource://gre/modules/UpdateListener.sys.mjs
console.error: "Error during quit-application-granted: [Exception... \"File error: Not found\"  nsresult: \"0x80520012 (NS_ERROR_FILE_NOT_FOUND)\"  location: \"JS frame :: resource:///modules/BrowserGlue.jsm :: _onQuitApplicationGranted/tasks< :: line 2013\"  data: no]"
1664346952563	geckodriver	INFO	Listening on 127.0.0.1:45563
1664346953078	mozrunner::runner	INFO	Running command: "/usr/bin/firefox" "--marionette" "--headless" "--remote-debugging-port" "41025" "--remote-allow-hosts" "localhost" "-no-remote" "-profile" "/tmp/rust_mozprofile3EYy7C"
*** You are running in headless mode.
1664346953474	Marionette	INFO	Marionette enabled
1664346953480	Marionette	INFO	Listening on port 40337
WebDriver BiDi listening on ws://localhost:41025
Read port: 40337
1664346953715	RemoteAgent	WARN	TLS certificate errors will be ignored for this session
[GFX1-]: RenderCompositorSWGL failed mapping default framebuffer, no dt
console.warn: SearchSettings: "get: No settings file exists, new profile?" (new NotFoundError("Could not open the file at /tmp/rust_mozprofile3EYy7C/search.json.mozlz4", (void 0)))
Missing chrome or resource URL: resource://gre/modules/UpdateListener.sys.mjs
DevTools listening on ws://localhost:41025/devtools/browser/dbd0db94-58b8-4956-be63-1e9cb7c245a4
console.warn: LoginRecipes: "Falling back to a synchronous message for: https://www.google.com."
1664346964807	Marionette	INFO	Stopped listening on port 40337
Missing chrome or resource URL: resource://gre/modules/UpdateListener.sys.mjs
console.error: "Error during quit-application-granted: [Exception... \"File error: Not found\"  nsresult: \"0x80520012 (NS_ERROR_FILE_NOT_FOUND)\"  location: \"JS frame :: resource:///modules/BrowserGlue.jsm :: _onQuitApplicationGranted/tasks< :: line 2013\"  data: no]"
1664347107150	geckodriver	INFO	Listening on 127.0.0.1:59549
1664347107664	mozrunner::runner	INFO	Running command: "/usr/bin/firefox" "--marionette" "--headless" "--remote-debugging-port" "53331" "--remote-allow-hosts" "localhost" "-no-remote" "-profile" "/tmp/rust_mozprofile15MOeM"
*** You are running in headless mode.
1664347108064	Marionette	INFO	Marionette enabled
1664347108070	Marionette	INFO	Listening on port 35223
WebDriver BiDi listening on ws://localhost:53331
Read port: 35223
1664347108298	RemoteAgent	WARN	TLS certificate errors will be ignored for this session
[GFX1-]: RenderCompositorSWGL failed mapping default framebuffer, no dt
console.warn: SearchSettings: "get: No settings file exists, new profile?" (new NotFoundError("Could not open the file at /tmp/rust_mozprofile15MOeM/search.json.mozlz4", (void 0)))
Missing chrome or resource URL: resource://gre/modules/UpdateListener.sys.mjs
DevTools listening on ws://localhost:53331/devtools/browser/a663ce7e-dd6d-49f0-88ef-e5d4aa190b9a
console.warn: LoginRecipes: "Falling back to a synchronous message for: https://www.google.com."
1664347119449	Marionette	INFO	Stopped listening on port 35223
Missing chrome or resource URL: resource://gre/modules/UpdateListener.sys.mjs
console.error: "Error during quit-application-granted: [Exception... \"File error: Not found\"  nsresult: \"0x80520012 (NS_ERROR_FILE_NOT_FOUND)\"  location: \"JS frame :: resource:///modules/BrowserGlue.jsm :: _onQuitApplicationGranted/tasks< :: line 2013\"  data: no]"
1664347645555	geckodriver	INFO	Listening on 127.0.0.1:44765
1664347646068	mozrunner::runner	INFO	Running command: "/usr/bin/firefox" "--marionette" "--headless" "--remote-debugging-port" "43209" "--remote-allow-hosts" "localhost" "-no-remote" "-profile" "/tmp/rust_mozprofileOFSCgO"
*** You are running in headless mode.
1664347646475	Marionette	INFO	Marionette enabled
1664347646481	Marionette	INFO	Listening on port 41301
WebDriver BiDi listening on ws://localhost:43209
Read port: 41301
1664347646702	RemoteAgent	WARN	TLS certificate errors will be ignored for this session
[GFX1-]: RenderCompositorSWGL failed mapping default framebuffer, no dt
console.warn: SearchSettings: "get: No settings file exists, new profile?" (new NotFoundError("Could not open the file at /tmp/rust_mozprofileOFSCgO/search.json.mozlz4", (void 0)))
Missing chrome or resource URL: resource://gre/modules/UpdateListener.sys.mjs
DevTools listening on ws://localhost:43209/devtools/browser/783e3b27-2acb-4b03-8ff8-59a273fda351
console.warn: LoginRecipes: "Falling back to a synchronous message for: https://www.google.com."
1664347657623	Marionette	INFO	Stopped listening on port 41301
Missing chrome or resource URL: resource://gre/modules/UpdateListener.sys.mjs
console.error: "Error during quit-application-granted: [Exception... \"File error: Not found\"  nsresult: \"0x80520012 (NS_ERROR_FILE_NOT_FOUND)\"  location: \"JS frame :: resource:///modules/BrowserGlue.jsm :: _onQuitApplicationGranted/tasks< :: line 2013\"  data: no]"
Sandbox: Unexpected EOF, op 0 flags 00 path /proc/cpuinfo
1664350558564	geckodriver	INFO	Listening on 127.0.0.1:34287
1664350559078	mozrunner::runner	INFO	Running command: "/usr/bin/firefox" "--marionette" "--headless" "--remote-debugging-port" "50795" "--remote-allow-hosts" "localhost" "-no-remote" "-profile" "/tmp/rust_mozprofileJCSJ2P"
*** You are running in headless mode.
1664350559493	Marionette	INFO	Marionette enabled
1664350559498	Marionette	INFO	Listening on port 43147
WebDriver BiDi listening on ws://localhost:50795
Read port: 43147
1664350559705	RemoteAgent	WARN	TLS certificate errors will be ignored for this session
[GFX1-]: RenderCompositorSWGL failed mapping default framebuffer, no dt
console.warn: SearchSettings: "get: No settings file exists, new profile?" (new NotFoundError("Could not open the file at /tmp/rust_mozprofileJCSJ2P/search.json.mozlz4", (void 0)))
Missing chrome or resource URL: resource://gre/modules/UpdateListener.sys.mjs
DevTools listening on ws://localhost:50795/devtools/browser/26e95977-8615-4258-8399-42677db235f5
console.warn: LoginRecipes: "Falling back to a synchronous message for: https://www.google.com."
1664350570692	Marionette	INFO	Stopped listening on port 43147
Missing chrome or resource URL: resource://gre/modules/UpdateListener.sys.mjs
console.error: "Error during quit-application-granted: [Exception... \"File error: Not found\"  nsresult: \"0x80520012 (NS_ERROR_FILE_NOT_FOUND)\"  location: \"JS frame :: resource:///modules/BrowserGlue.jsm :: _onQuitApplicationGranted/tasks< :: line 2013\"  data: no]"
1664350632774	geckodriver	INFO	Listening on 127.0.0.1:54711
1664350633286	mozrunner::runner	INFO	Running command: "/usr/bin/firefox" "--marionette" "--headless" "--remote-debugging-port" "36503" "--remote-allow-hosts" "localhost" "-no-remote" "-profile" "/tmp/rust_mozprofileAS2q24"
*** You are running in headless mode.
1664350633696	Marionette	INFO	Marionette enabled
1664350633701	Marionette	INFO	Listening on port 43387
WebDriver BiDi listening on ws://localhost:36503
Read port: 43387
1664350633930	RemoteAgent	WARN	TLS certificate errors will be ignored for this session
[GFX1-]: RenderCompositorSWGL failed mapping default framebuffer, no dt
console.warn: SearchSettings: "get: No settings file exists, new profile?" (new NotFoundError("Could not open the file at /tmp/rust_mozprofileAS2q24/search.json.mozlz4", (void 0)))
Missing chrome or resource URL: resource://gre/modules/UpdateListener.sys.mjs
DevTools listening on ws://localhost:36503/devtools/browser/8d53e8b2-851b-4489-ab2c-030fe1383cc9
console.warn: LoginRecipes: "Falling back to a synchronous message for: https://www.google.com."
1664350644591	Marionette	INFO	Stopped listening on port 43387
Missing chrome or resource URL: resource://gre/modules/UpdateListener.sys.mjs
console.error: "Error during quit-application-granted: [Exception... \"File error: Not found\"  nsresult: \"0x80520012 (NS_ERROR_FILE_NOT_FOUND)\"  location: \"JS frame :: resource:///modules/BrowserGlue.jsm :: _onQuitApplicationGranted/tasks< :: line 2013\"  data: no]"
Sandbox: Unexpected EOF, op 0 flags 00 path /proc/cpuinfo
1664363160706	geckodriver	INFO	Listening on 127.0.0.1:59177
1664363161218	mozrunner::runner	INFO	Running command: "/usr/bin/firefox" "--marionette" "--headless" "--remote-debugging-port" "42323" "--remote-allow-hosts" "localhost" "-no-remote" "-profile" "/tmp/rust_mozprofilevKBA9M"
*** You are running in headless mode.
1664363161629	Marionette	INFO	Marionette enabled
1664363161635	Marionette	INFO	Listening on port 33973
WebDriver BiDi listening on ws://localhost:42323
Read port: 33973
1664363161781	RemoteAgent	WARN	TLS certificate errors will be ignored for this session
[GFX1-]: RenderCompositorSWGL failed mapping default framebuffer, no dt
console.warn: SearchSettings: "get: No settings file exists, new profile?" (new NotFoundError("Could not open the file at /tmp/rust_mozprofilevKBA9M/search.json.mozlz4", (void 0)))
Missing chrome or resource URL: resource://gre/modules/UpdateListener.sys.mjs
DevTools listening on ws://localhost:42323/devtools/browser/9a9d4beb-95d8-48b8-92f6-61055081f716
console.warn: LoginRecipes: "Falling back to a synchronous message for: https://www.google.com."
1664363173186	Marionette	INFO	Stopped listening on port 33973
Missing chrome or resource URL: resource://gre/modules/UpdateListener.sys.mjs
console.error: "Error during quit-application-granted: [Exception... \"File error: Not found\"  nsresult: \"0x80520012 (NS_ERROR_FILE_NOT_FOUND)\"  location: \"JS frame :: resource:///modules/BrowserGlue.jsm :: _onQuitApplicationGranted/tasks< :: line 2013\"  data: no]"
1671181968988	geckodriver	INFO	Listening on 127.0.0.1:48615
1671181969492	mozrunner::runner	INFO	Running command: "/usr/bin/firefox" "--marionette" "--headless" "--remote-debugging-port" "33797" "--remote-allow-hosts" "localhost" "-no-remote" "-profile" "/tmp/rust_mozprofile00HgKs"
*** You are running in headless mode.
1671181970430	Marionette	INFO	Marionette enabled
1671181970449	Marionette	INFO	Listening on port 32825
Read port: 32825
WebDriver BiDi listening on ws://127.0.0.1:33797
1671181970662	RemoteAgent	WARN	TLS certificate errors will be ignored for this session
[GFX1-]: RenderCompositorSWGL failed mapping default framebuffer, no dt
console.warn: SearchSettings: "get: No settings file exists, new profile?" (new NotFoundError("Could not open the file at /tmp/rust_mozprofile00HgKs/search.json.mozlz4", (void 0)))
DevTools listening on ws://127.0.0.1:33797/devtools/browser/acdf1f59-df9c-4362-80c2-52eb5e51332a
console.warn: LoginRecipes: "Falling back to a synchronous message for: https://www.google.com."
1671181982361	Marionette	INFO	Stopped listening on port 32825
1671182068253	geckodriver	INFO	Listening on 127.0.0.1:34437
1671182068765	mozrunner::runner	INFO	Running command: "/usr/bin/firefox" "--marionette" "--headless" "--remote-debugging-port" "44133" "--remote-allow-hosts" "localhost" "-no-remote" "-profile" "/tmp/rust_mozprofiletQ4g9F"
*** You are running in headless mode.
1671182069190	Marionette	INFO	Marionette enabled
1671182069196	Marionette	INFO	Listening on port 34641
Read port: 34641
WebDriver BiDi listening on ws://127.0.0.1:44133
1671182069320	RemoteAgent	WARN	TLS certificate errors will be ignored for this session
[GFX1-]: RenderCompositorSWGL failed mapping default framebuffer, no dt
console.warn: SearchSettings: "get: No settings file exists, new profile?" (new NotFoundError("Could not open the file at /tmp/rust_mozprofiletQ4g9F/search.json.mozlz4", (void 0)))
DevTools listening on ws://127.0.0.1:44133/devtools/browser/22bc8d90-911f-4924-a923-030e9fd5fcea
console.warn: LoginRecipes: "Falling back to a synchronous message for: https://www.google.com."
1671182080473	Marionette	INFO	Stopped listening on port 34641
1671182107076	geckodriver	INFO	Listening on 127.0.0.1:35605
1671182107587	mozrunner::runner	INFO	Running command: "/usr/bin/firefox" "--marionette" "--headless" "--remote-debugging-port" "32943" "--remote-allow-hosts" "localhost" "-no-remote" "-profile" "/tmp/rust_mozprofileKj5Hcf"
*** You are running in headless mode.
1671182108020	Marionette	INFO	Marionette enabled
1671182108026	Marionette	INFO	Listening on port 46641
Read port: 46641
WebDriver BiDi listening on ws://127.0.0.1:32943
1671182108143	RemoteAgent	WARN	TLS certificate errors will be ignored for this session
[GFX1-]: RenderCompositorSWGL failed mapping default framebuffer, no dt
console.warn: SearchSettings: "get: No settings file exists, new profile?" (new NotFoundError("Could not open the file at /tmp/rust_mozprofileKj5Hcf/search.json.mozlz4", (void 0)))
DevTools listening on ws://127.0.0.1:32943/devtools/browser/806baa4e-0616-411a-af93-a929c970f94e
console.warn: LoginRecipes: "Falling back to a synchronous message for: https://www.google.com."
1671182119992	Marionette	INFO	Stopped listening on port 46641
